{"contracts/ManualToken.sol":{"l":{"48":0,"49":0,"50":0,"51":0,"59":0,"61":0,"63":0,"65":0,"67":0,"69":0,"70":0,"72":0,"87":0,"88":0,"105":0,"106":0,"107":0,"108":0,"123":0,"124":0,"125":0,"142":0,"143":0,"144":0,"150":0,"162":0,"163":0,"164":0,"165":0,"166":0,"181":0,"182":0,"183":0,"184":0,"185":0,"186":0,"187":0},"path":"/Users/samuelsope/Documents/Solidity projects/hardhat-erc20-fcc/contracts/ManualToken.sol","s":{"1":0,"2":0,"3":0,"4":0,"5":0,"6":0,"7":0,"8":0,"9":0,"10":0,"11":0,"12":0,"13":0,"14":0,"15":0,"16":0,"17":0,"18":0,"19":0,"20":0,"21":0,"22":0,"23":0,"24":0},"b":{"1":[0,0],"2":[0,0],"3":[0,0],"4":[0,0],"5":[0,0],"6":[0,0],"7":[0,0],"8":[0,0]},"f":{"1":0,"2":0,"3":0,"4":0,"5":0,"6":0,"7":0,"8":0},"fnMap":{"1":{"name":"constructor","line":43,"loc":{"start":{"line":43,"column":4},"end":{"line":52,"column":4}}},"2":{"name":"_transfer","line":57,"loc":{"start":{"line":57,"column":4},"end":{"line":73,"column":4}}},"3":{"name":"transfer","line":83,"loc":{"start":{"line":83,"column":4},"end":{"line":89,"column":4}}},"4":{"name":"transferFrom","line":100,"loc":{"start":{"line":100,"column":4},"end":{"line":109,"column":4}}},"5":{"name":"approve","line":119,"loc":{"start":{"line":119,"column":4},"end":{"line":126,"column":4}}},"6":{"name":"approveAndCall","line":137,"loc":{"start":{"line":137,"column":4},"end":{"line":152,"column":4}}},"7":{"name":"burn","line":161,"loc":{"start":{"line":161,"column":4},"end":{"line":167,"column":4}}},"8":{"name":"burnFrom","line":177,"loc":{"start":{"line":177,"column":4},"end":{"line":188,"column":4}}}},"statementMap":{"1":{"start":{"line":59,"column":8},"end":{"line":59,"column":35}},"2":{"start":{"line":61,"column":8},"end":{"line":61,"column":42}},"3":{"start":{"line":63,"column":8},"end":{"line":63,"column":57}},"4":{"start":{"line":65,"column":8},"end":{"line":65,"column":68}},"5":{"start":{"line":70,"column":8},"end":{"line":70,"column":41}},"6":{"start":{"line":72,"column":8},"end":{"line":72,"column":68}},"7":{"start":{"line":87,"column":8},"end":{"line":87,"column":41}},"8":{"start":{"line":88,"column":8},"end":{"line":88,"column":19}},"9":{"start":{"line":105,"column":8},"end":{"line":105,"column":54}},"10":{"start":{"line":107,"column":8},"end":{"line":107,"column":36}},"11":{"start":{"line":108,"column":8},"end":{"line":108,"column":19}},"12":{"start":{"line":124,"column":8},"end":{"line":124,"column":51}},"13":{"start":{"line":125,"column":8},"end":{"line":125,"column":19}},"14":{"start":{"line":142,"column":8},"end":{"line":142,"column":57}},"15":{"start":{"line":143,"column":8},"end":{"line":143,"column":4690}},"16":{"start":{"line":144,"column":12},"end":{"line":144,"column":4739}},"17":{"start":{"line":150,"column":12},"end":{"line":150,"column":23}},"18":{"start":{"line":162,"column":8},"end":{"line":162,"column":47}},"19":{"start":{"line":165,"column":8},"end":{"line":165,"column":37}},"20":{"start":{"line":166,"column":8},"end":{"line":166,"column":19}},"21":{"start":{"line":181,"column":8},"end":{"line":181,"column":42}},"22":{"start":{"line":182,"column":8},"end":{"line":182,"column":54}},"23":{"start":{"line":186,"column":8},"end":{"line":186,"column":32}},"24":{"start":{"line":187,"column":8},"end":{"line":187,"column":19}}},"branchMap":{"1":{"line":59,"type":"if","locations":[{"start":{"line":59,"column":8},"end":{"line":59,"column":8}},{"start":{"line":59,"column":8},"end":{"line":59,"column":8}}]},"2":{"line":61,"type":"if","locations":[{"start":{"line":61,"column":8},"end":{"line":61,"column":8}},{"start":{"line":61,"column":8},"end":{"line":61,"column":8}}]},"3":{"line":63,"type":"if","locations":[{"start":{"line":63,"column":8},"end":{"line":63,"column":8}},{"start":{"line":63,"column":8},"end":{"line":63,"column":8}}]},"4":{"line":105,"type":"if","locations":[{"start":{"line":105,"column":8},"end":{"line":105,"column":8}},{"start":{"line":105,"column":8},"end":{"line":105,"column":8}}]},"5":{"line":143,"type":"if","locations":[{"start":{"line":143,"column":8},"end":{"line":143,"column":8}},{"start":{"line":143,"column":8},"end":{"line":143,"column":8}}]},"6":{"line":162,"type":"if","locations":[{"start":{"line":162,"column":8},"end":{"line":162,"column":8}},{"start":{"line":162,"column":8},"end":{"line":162,"column":8}}]},"7":{"line":181,"type":"if","locations":[{"start":{"line":181,"column":8},"end":{"line":181,"column":8}},{"start":{"line":181,"column":8},"end":{"line":181,"column":8}}]},"8":{"line":182,"type":"if","locations":[{"start":{"line":182,"column":8},"end":{"line":182,"column":8}},{"start":{"line":182,"column":8},"end":{"line":182,"column":8}}]}}},"contracts/OurToken.sol":{"l":{"10":0},"path":"/Users/samuelsope/Documents/Solidity projects/hardhat-erc20-fcc/contracts/OurToken.sol","s":{"1":0},"b":{},"f":{"1":0},"fnMap":{"1":{"name":"constructor","line":9,"loc":{"start":{"line":9,"column":4},"end":{"line":11,"column":4}}}},"statementMap":{"1":{"start":{"line":10,"column":8},"end":{"line":10,"column":39}}},"branchMap":{}}}